[debug] [2026-01-13T12:39:14.156Z] ----------------------------------------------------------------------
[debug] [2026-01-13T12:39:14.159Z] Command:       C:\Program Files\nodejs\node.exe C:\Users\MeniV\AppData\Roaming\npm\node_modules\firebase-tools\lib\bin\firebase.js init
[debug] [2026-01-13T12:39:14.159Z] CLI Version:   15.1.0
[debug] [2026-01-13T12:39:14.159Z] Platform:      win32
[debug] [2026-01-13T12:39:14.160Z] Node Version:  v22.12.0
[debug] [2026-01-13T12:39:14.160Z] Time:          Tue Jan 13 2026 14:39:14 GMT+0200 (שעון ישראל (חורף))
[debug] [2026-01-13T12:39:14.160Z] ----------------------------------------------------------------------
[debug] 
[debug] [2026-01-13T12:39:14.162Z] >>> [apiv2][query] GET https://firebase-public.firebaseio.com/cli.json [none]
[info] 
     ######## #### ########  ######## ########     ###     ######  ########
     ##        ##  ##     ## ##       ##     ##  ##   ##  ##       ##
     ######    ##  ########  ######   ########  #########  ######  ######
     ##        ##  ##    ##  ##       ##     ## ##     ##       ## ##
     ##       #### ##     ## ######## ########  ##     ##  ######  ########

You're about to initialize a Firebase project in this directory:

  C:\Users\MeniV\OneDrive - click\Desktop\personal\projects\idf\gamification-dashboard

[debug] [2026-01-13T12:39:18.946Z] <<< [apiv2][status] GET https://firebase-public.firebaseio.com/cli.json 200
[debug] [2026-01-13T12:39:18.946Z] <<< [apiv2][body] GET https://firebase-public.firebaseio.com/cli.json {"cloudBuildErrorAfter":1594252800000,"cloudBuildWarnAfter":1590019200000,"defaultNode10After":1594252800000,"minVersion":"3.0.5","node8DeploysDisabledAfter":1613390400000,"node8RuntimeDisabledAfter":1615809600000,"node8WarnAfter":1600128000000}
[info] 
=== Project Setup
[info] 
[info] First, let's associate this project directory with a Firebase project.
[info] You can create multiple project aliases by running firebase use --add, 
[info] 
[debug] [2026-01-13T12:39:33.695Z] > command requires scopes: ["email","openid","https://www.googleapis.com/auth/cloudplatformprojects.readonly","https://www.googleapis.com/auth/firebase","https://www.googleapis.com/auth/cloud-platform"]
[debug] [2026-01-13T12:39:33.695Z] > authorizing via signed-in user (meniviner@gmail.com)
[debug] [2026-01-13T12:39:33.696Z] Checked if tokens are valid: false, expires at: 1767534825424
[debug] [2026-01-13T12:39:33.696Z] Checked if tokens are valid: false, expires at: 1767534825424
[debug] [2026-01-13T12:39:33.696Z] > refreshing access token with scopes: []
[debug] [2026-01-13T12:39:33.698Z] >>> [apiv2][query] POST https://www.googleapis.com/oauth2/v3/token [none]
[debug] [2026-01-13T12:39:33.698Z] >>> [apiv2][body] POST https://www.googleapis.com/oauth2/v3/token [omitted]
[debug] [2026-01-13T12:39:45.259Z] <<< [apiv2][status] POST https://www.googleapis.com/oauth2/v3/token 200
[debug] [2026-01-13T12:39:45.259Z] <<< [apiv2][body] POST https://www.googleapis.com/oauth2/v3/token [omitted]
[debug] [2026-01-13T12:39:45.266Z] >>> [apiv2][query] GET https://firebase.googleapis.com/v1beta1/projects pageSize=100
[debug] [2026-01-13T12:39:46.023Z] <<< [apiv2][status] GET https://firebase.googleapis.com/v1beta1/projects 200
[debug] [2026-01-13T12:39:46.023Z] <<< [apiv2][body] GET https://firebase.googleapis.com/v1beta1/projects [omitted]
[debug] [2026-01-13T12:40:16.362Z] ExitPromptError: User force closed the prompt with SIGINT
    at Interface.sigint (C:\Users\MeniV\AppData\Roaming\npm\node_modules\firebase-tools\node_modules\@inquirer\core\dist\commonjs\lib\create-prompt.js:101:37)
    at Interface.emit (node:events:524:28)
    at [_ttyWrite] [as _ttyWrite] (node:internal/readline/interface:1124:18)
    at ReadStream.onkeypress (node:internal/readline/interface:263:20)
    at ReadStream.emit (node:events:536:35)
    at emitKeys (node:internal/readline/utils:370:14)
    at emitKeys.next (<anonymous>)
    at ReadStream.onData (node:internal/readline/emitKeypressEvents:64:36)
    at ReadStream.emit (node:events:524:28)
    at addChunk (node:internal/streams/readable:561:12)
[error] 
[error] Error: An unexpected error has occurred.
